12/5/2023, 8:53:06 AM info {"ID":"test1","PASS":"1q1q1q1q!"}
12/5/2023, 8:53:06 AM info login >> okisbacon
12/5/2023, 8:59:31 AM info {"ID":"test10","NAME":"test10","PASS":"1q1q1q1q!"}
12/5/2023, 8:59:31 AM info signUp >> okisbacon
12/5/2023, 8:59:52 AM info {"ID":"test9","NAME":"test9","PASS":"1q1q1q1q!"}
12/5/2023, 8:59:52 AM info signUp >> okisbacon
12/5/2023, 9:42:43 AM info {"ID":"test1","PASS":"1q1q1q1q!"}
12/5/2023, 9:42:43 AM info login >> okisbacon
12/5/2023, 9:43:39 AM info {"ID":"test1","PASS":"1q1q1q1q!"}
12/5/2023, 9:43:39 AM info login >> okisbacon
12/5/2023, 9:44:07 AM info {"ID":"test1","PASS":"1q1q1q1q!"}
12/5/2023, 9:44:07 AM info login >> okisbacon
12/5/2023, 9:44:22 AM info {"ID":"test1","PASS":"1q1q1q1q!"}
12/5/2023, 9:44:22 AM info login >> okisbacon
12/5/2023, 9:44:42 AM info {"ID":"test1","PASS":"1q1q1q1q!"}
12/5/2023, 9:44:42 AM info login >> okisbacon
12/5/2023, 9:53:50 AM info {"ID":"test1","PASS":"1q1q1q1q!"}
12/5/2023, 9:53:50 AM info login >> okisbacon
12/5/2023, 10:50:02 AM info {"ID":"test1","PASS":"1q1q1q1q!"}
12/5/2023, 10:50:02 AM info login >> okisbacon
12/5/2023, 10:56:39 AM info {"ID":"test2","PASS":"1q1q1q1q!"}
12/5/2023, 10:56:39 AM info login >> okisbacon
12/5/2023, 2:10:20 PM info {"ID":"test1","PASS":"1q1q1q1q!"}
12/5/2023, 2:10:20 PM info login >> okisbacon
12/5/2023, 2:15:53 PM info {"ID":"test1","PASS":"1q1q1q1q!"}
12/5/2023, 2:15:53 PM info login >> okisbacon
