12/4/2023, 1:43:26 PM info {"ID":"zsecq2","PASS":"wodksl1@"}
12/4/2023, 2:10:34 PM info {"ID":"zsecq2","PASS":"asd1123123a"}
12/4/2023, 2:31:36 PM info {"ID":"test1","NAME":"test1","PASS":"1q1q1q1q!"}
12/4/2023, 2:49:20 PM info {"ID":"test1","NAME":"test1","PASS":"1q1q1q1q!"}
12/4/2023, 2:49:20 PM info signUp >> okisbacon
12/4/2023, 2:49:50 PM info {"ID":"test1","PASS":"1q1q1q1q!"}
12/4/2023, 2:49:50 PM info login >> okisbacon
12/4/2023, 2:50:41 PM info {"ID":"test1","PASS":"1q1q1q1q!"}
12/4/2023, 2:50:41 PM info login >> okisbacon
12/4/2023, 2:53:38 PM info {"ID":"test1","PASS":"1q1q1q1q!"}
12/4/2023, 2:53:38 PM info login >> okisbacon
12/4/2023, 3:07:28 PM info {"ID":"test1","PASS":"1q1q1q1q!"}
12/4/2023, 3:07:28 PM info login >> okisbacon
12/4/2023, 3:09:15 PM info {"ID":"test1","PASS":"1q1q1q1q!"}
12/4/2023, 3:09:15 PM info login >> okisbacon
12/4/2023, 3:16:52 PM info {"ID":"test2","NAME":"test2","PASS":"1q1q1q1q!"}
12/4/2023, 3:16:52 PM info signUp >> okisbacon
12/4/2023, 5:15:29 PM info {"ID":"test1","PASS":"1q1q1q1q!"}
12/4/2023, 5:15:29 PM info login >> okisbacon
12/4/2023, 5:18:39 PM info {"ID":"test2","PASS":"1q1q1q1q!"}
12/4/2023, 5:18:39 PM info login >> okisbacon
12/4/2023, 5:18:49 PM info {"ID":"test2","PASS":"1q1q1q1q!"}
12/4/2023, 5:18:49 PM info login >> okisbacon
12/4/2023, 5:29:51 PM info {"ID":"test1","PASS":"1q1q1q1q!"}
12/4/2023, 5:29:51 PM info login >> okisbacon
12/4/2023, 5:30:04 PM info {"ID":"test2","PASS":"1q1q1q1q!"}
12/4/2023, 5:30:04 PM info login >> okisbacon
